<?xml version="1.0" encoding="UTF-8"?>
<!-- Generated by org.testng.reporters.JUnitReportReporter -->
<testsuite hostname="milind-Latitude-3420" failures="0" tests="2" name="TestRunner.Parallel_TestRunner" time="37.899" errors="0" timestamp="2023-12-08T17:27:04 IST" skipped="0">
  <testcase classname="TestRunner.Parallel_TestRunner" name="runScenario" time="21.916"/>
  <testcase classname="TestRunner.Parallel_TestRunner" name="runScenario" time="15.983"/>
</testsuite> <!-- TestRunner.Parallel_TestRunner -->
